Warning: No display specified.  You will not be able to display graphics on the screen.
Warning: No window system found.  Java option 'MWT' ignored

                            < M A T L A B (R) >
                  Copyright 1984-2012 The MathWorks, Inc.
                    R2012a (7.14.0.739) 64-bit (glnxa64)
                              February 9, 2012

 
To get started, type one of these: helpwin, helpdesk, or demo.
For product information, visit www.mathworks.com.
 
>> >> >> >> >> >> >> >> >> >> >> >> >> >> >> >> >> >> >> >> >> >> >> >> >> >> >> >> >> >> >> >> >> >> >> >> >> >> >> >> >> >> >> >> >> >> >> >> >> >> 
ans =

    1.0000    1.0000    0.3811   -0.0009


ans =

    2.0000    1.0000    0.3791    0.1047


ans =

    3.0000    1.0000    0.3538    0.0002


ans =

    3.0000    2.0000    0.3538    0.0002


ans =

    4.0000    1.0000    0.3974   -0.0290


ans =

    4.0000    2.0000    0.3974   -0.0290


ans =

    4.0000    3.0000    0.3974   -0.0290


ans =

    4.0000    4.0000    0.3974   -0.0290


ans =

    4.0000    5.0000    0.3974   -0.0290


ans =

    4.0000    6.0000    0.4120   -0.0256


ans =

    4.0000    7.0000    0.4278   -0.0214


ans =

    4.0000    8.0000    0.4308   -0.0205


ans =

    4.0000    9.0000    0.4329   -0.0195


ans =

    4.0000   10.0000    0.4358   -0.0172


ans =

    5.0000    1.0000    0.3891   -0.0145


ans =

    5.0000    2.0000    0.3891   -0.0145


ans =

    5.0000    3.0000    0.3891   -0.0145


ans =

    6.0000    1.0000    0.2761   -0.0939


ans =

    6.0000    2.0000    0.2761   -0.0939


ans =

    6.0000    3.0000    0.2761   -0.0939


ans =

    6.0000    4.0000    0.2761   -0.0931


ans =

    6.0000    5.0000    0.2761   -0.0931


ans =

    7.0000    1.0000    0.2492    0.0060


ans =

    7.0000    2.0000    0.2492    0.0060


ans =

    7.0000    3.0000    0.2492    0.0060


ans =

    7.0000    4.0000    0.2492    0.0060


ans =

    7.0000    5.0000    0.2492    0.0060


ans =

    7.0000    6.0000    0.2637    0.0063


ans =

    7.0000    7.0000    0.2877    0.0063


ans =

    7.0000    8.0000    0.3113    0.0049


ans =

    7.0000    9.0000    0.3178    0.0116


ans =

    7.0000   10.0000    0.3195    0.0149


ans =

    7.0000   11.0000    0.3201    0.0174


ans =

    7.0000   12.0000    0.3201    0.0182


ans =

    8.0000    1.0000    0.1838   -0.1096


ans =

    8.0000    2.0000    0.1838   -0.1096


ans =

    9.0000    1.0000    0.2352    0.0337


ans =

    9.0000    2.0000    0.2352    0.0337


ans =

    9.0000    3.0000    0.2352    0.0337


ans =

    9.0000    4.0000    0.2543    0.0344


ans =

    9.0000    5.0000    0.2665    0.0349


ans =

    9.0000    6.0000    0.2715    0.0352


ans =

    9.0000    7.0000    0.2728    0.0371


ans =

   10.0000    1.0000    0.1739    0.0450


ans =

   10.0000    2.0000    0.1739    0.0450


ans =

   10.0000    3.0000    0.1739    0.0450


ans =

   10.0000    4.0000    0.1739    0.0450


ans =

   10.0000    5.0000    0.1739    0.0450


ans =

   10.0000    6.0000    0.1739    0.0450


ans =

   10.0000    7.0000    0.2204    0.0522


ans =

   10.0000    8.0000    0.2538    0.0606


ans =

   10.0000    9.0000    0.2636    0.0638


ans =

   10.0000   10.0000    0.2696    0.0662


ans =

   10.0000   11.0000    0.2713    0.0670


ans =

   10.0000   12.0000    0.2721    0.0674


ans =

   10.0000   13.0000    0.2775    0.0681


ans =

   10.0000   14.0000    0.2912    0.0691


ans =

   10.0000   15.0000    0.2976    0.0696


ans =

   11.0000    1.0000    0.2897   -0.0384


ans =

   11.0000    2.0000    0.2897   -0.0384


ans =

   11.0000    3.0000    0.2897   -0.0384


ans =

   11.0000    4.0000    0.2897   -0.0384


ans =

   11.0000    5.0000    0.2897   -0.0384


ans =

   11.0000    6.0000    0.2986   -0.0383


ans =

   11.0000    7.0000    0.3022   -0.0385


ans =

   11.0000    8.0000    0.3031   -0.0389


ans =

   12.0000    1.0000    0.3182   -0.0128


ans =

   12.0000    2.0000    0.3182   -0.0128


ans =

   12.0000    3.0000    0.3182   -0.0128


ans =

   12.0000    4.0000    0.3182   -0.0128


ans =

   13.0000    1.0000    0.2243   -0.0272


ans =

   13.0000    2.0000    0.2243   -0.0272


ans =

   13.0000    3.0000    0.2243   -0.0272


ans =

   14.0000    1.0000    0.2181    0.0025


ans =

   14.0000    2.0000    0.2181    0.0025


ans =

   15.0000    1.0000    0.2177    0.0854


ans =

   16.0000    1.0000    0.3176    0.1082


ans =

   16.0000    2.0000    0.3176    0.1082


ans =

   17.0000    1.0000    0.3284    0.0368


ans =

   18.0000    1.0000    0.3325    0.0702


ans =

   19.0000    1.0000    0.3402    0.0656


ans =

   19.0000    2.0000    0.3402    0.0656


ans =

   19.0000    3.0000    0.3402    0.0656


ans =

   19.0000    4.0000    0.3402    0.0656


ans =

   19.0000    5.0000    0.3402    0.0656


ans =

   19.0000    6.0000    0.3599    0.0588


ans =

   20.0000    1.0000    0.3475    0.0082


ans =

   20.0000    2.0000    0.3475    0.0082


ans =

   21.0000    1.0000    0.3474    0.1114


ans =

   22.0000    1.0000    0.3772    0.0434


ans =

   22.0000    2.0000    0.3772    0.0434


ans =

   23.0000    1.0000    0.3629    0.0368


ans =

   23.0000    2.0000    0.3629    0.0368


ans =

   24.0000    1.0000    0.3667    0.0640


ans =

   24.0000    2.0000    0.3667    0.0640


ans =

   24.0000    3.0000    0.3667    0.0640


ans =

   24.0000    4.0000    0.3667    0.0640


ans =

   24.0000    5.0000    0.3667    0.0640


ans =

   24.0000    6.0000    0.3667    0.0640


ans =

   24.0000    7.0000    0.3691    0.0635


ans =

   24.0000    8.0000    0.3860    0.0591


ans =

   24.0000    9.0000    0.3864    0.0590


ans =

   25.0000    1.0000    0.3734    0.0056


ans =

   26.0000    1.0000    0.3728    0.0062


ans =

   27.0000    1.0000    0.3724   -0.0632


ans =

   28.0000    1.0000    0.3588    0.0075


ans =

   28.0000    2.0000    0.3588    0.0075


ans =

   29.0000    1.0000    0.2503    0.0166


ans =

   29.0000    2.0000    0.2503    0.0166


ans =

   29.0000    3.0000    0.2503    0.0166


ans =

   29.0000    4.0000    0.2503    0.0166


ans =

   29.0000    5.0000    0.2503    0.0166


ans =

   30.0000    1.0000    0.3644   -0.0458


ans =

   30.0000    2.0000    0.3644   -0.0458


ans =

   30.0000    3.0000    0.3644   -0.0458


ans =

   31.0000    1.0000    0.3549   -0.0081


ans =

   32.0000    1.0000    0.2491    0.0155


ans =

   33.0000    1.0000    0.3189    0.0079


ans =

   33.0000    2.0000    0.3194    0.0080


ans =

   34.0000    1.0000    0.3571    0.1041


ans =

   34.0000    2.0000    0.3571    0.1041


ans =

   35.0000    1.0000    0.3661    0.0374


ans =

   35.0000    2.0000    0.3661    0.0374


ans =

   36.0000    1.0000    0.3697   -0.0225


ans =

   36.0000    2.0000    0.3697   -0.0225


ans =

   36.0000    3.0000    0.3697   -0.0225


ans =

   37.0000    1.0000    0.3647    0.0358


ans =

   37.0000    2.0000    0.3647    0.0358


ans =

   38.0000    1.0000    0.2610   -0.0267


ans =

   38.0000    2.0000    0.2610   -0.0267


ans =

   38.0000    3.0000    0.2610   -0.0267


ans =

   38.0000    4.0000    0.2610   -0.0267


ans =

   38.0000    5.0000    0.2701   -0.0272


ans =

   38.0000    6.0000    0.2701   -0.0272


ans =

   38.0000    7.0000    0.2754   -0.0276


ans =

   38.0000    8.0000    0.2832   -0.0281


ans =

   38.0000    9.0000    0.3300   -0.0173


ans =

   38.0000   10.0000    0.3326   -0.0154


ans =

   38.0000   11.0000    0.3337   -0.0145


ans =

   38.0000   12.0000    0.3341   -0.0142


ans =

   38.0000   13.0000    0.3355   -0.0126


ans =

   38.0000   14.0000    0.3361   -0.0118


ans =

   38.0000   15.0000    0.3363   -0.0114


ans =

   39.0000    1.0000    0.3639   -0.0684


ans =

   39.0000    2.0000    0.3639   -0.0684


ans =

   40.0000    1.0000    0.2584    0.0248


ans =

   40.0000    2.0000    0.2584    0.0248


ans =

   41.0000    1.0000    0.2539    0.0108


ans =

   42.0000    1.0000    0.3609    0.0661


ans =

   43.0000    1.0000    0.3671   -0.0098


ans =

   44.0000    1.0000    0.3644    0.0041


ans =

   45.0000    1.0000    0.3156   -0.0274


ans =

   45.0000    2.0000    0.3156   -0.0274


ans =

   45.0000    3.0000    0.3156   -0.0274


ans =

   46.0000    1.0000    0.3585    0.0370


ans =

   46.0000    2.0000    0.3585    0.0370


ans =

   46.0000    3.0000    0.3585    0.0370


ans =

   46.0000    4.0000    0.3585    0.0370


ans =

   46.0000    5.0000    0.3777    0.0301


ans =

   47.0000    1.0000    0.2578    0.0092


ans =

   48.0000    1.0000    0.3601    0.0873


ans =

   48.0000    2.0000    0.3601    0.0873


ans =

   49.0000    1.0000    0.3261   -0.0045


ans =

   49.0000    2.0000    0.3261   -0.0045


ans =

   49.0000    3.0000    0.3552   -0.0020


ans =

   50.0000    1.0000    0.3653    0.0553


ans =

   51.0000    1.0000    0.3319    0.0115


ans =

   52.0000    1.0000    0.3712   -0.0407


ans =

   53.0000    1.0000    0.3635    0.0030


ans =

   53.0000    2.0000    0.3635    0.0030


ans =

   53.0000    3.0000    0.3635    0.0030


ans =

   53.0000    4.0000    0.3756    0.0053


ans =

   53.0000    5.0000    0.3817    0.0068


ans =

   54.0000    1.0000    0.2695    0.0210


ans =

   54.0000    2.0000    0.2695    0.0210


ans =

   55.0000    1.0000    0.3584    0.0250


ans =

   55.0000    2.0000    0.3584    0.0250


ans =

   55.0000    3.0000    0.3584    0.0250


ans =

   55.0000    4.0000    0.3745    0.0214


ans =

   55.0000    5.0000    0.3794    0.0190


ans =

   56.0000    1.0000    0.2726    0.0228


ans =

   56.0000    2.0000    0.2726    0.0228


ans =

   57.0000    1.0000    0.3603    0.0529


ans =

   57.0000    2.0000    0.3603    0.0529


ans =

   57.0000    3.0000    0.3603    0.0529


ans =

   58.0000    1.0000    0.3650    0.0320


ans =

   58.0000    2.0000    0.3650    0.0320


ans =

   58.0000    3.0000    0.3650    0.0320


ans =

   59.0000    1.0000    0.3677    0.0208


ans =

   59.0000    2.0000    0.3677    0.0208


ans =

   60.0000    1.0000    0.3691    0.0217


ans =

   60.0000    2.0000    0.3691    0.0217


ans =

   61.0000    1.0000    0.3706   -0.0005


ans =

   61.0000    2.0000    0.3706   -0.0005


ans =

   61.0000    3.0000    0.3706   -0.0005


ans =

   62.0000    1.0000    0.3694    0.0068


ans =

   63.0000    1.0000    0.3692    0.0143


ans =

   63.0000    2.0000    0.3692    0.0143


ans =

   63.0000    3.0000    0.3692    0.0143


ans =

   63.0000    4.0000    0.3904    0.0193


ans =

   63.0000    5.0000    0.3917    0.0240


ans =

   63.0000    6.0000    0.3925    0.0223


ans =

   64.0000    1.0000    0.3698    0.0287


ans =

   64.0000    2.0000    0.3698    0.0287


ans =

   64.0000    3.0000    0.3698    0.0287


ans =

   65.0000    1.0000    0.3721   -0.0165


ans =

   65.0000    2.0000    0.3721   -0.0165


ans =

   65.0000    3.0000    0.3721   -0.0165


ans =

   65.0000    4.0000    0.3721   -0.0165


ans =

   65.0000    5.0000    0.3944   -0.0199


ans =

   65.0000    6.0000    0.3966   -0.0204


ans =

   66.0000    1.0000    0.3687   -0.0815


ans =

   67.0000    1.0000    0.3219    0.0250


ans =

   67.0000    2.0000    0.3219    0.0250


ans =

   67.0000    3.0000    0.3219    0.0250


ans =

   68.0000    1.0000    0.2718    0.0346


ans =

   68.0000    2.0000    0.2718    0.0346


ans =

   68.0000    3.0000    0.2718    0.0346


ans =

   68.0000    4.0000    0.2718    0.0346


ans =

   68.0000    5.0000    0.2718    0.0346


ans =

   69.0000    1.0000    0.3243    0.0121


ans =

   70.0000    1.0000    0.3277   -0.0671


ans =

   71.0000    1.0000    0.3093   -0.0093


ans =

   72.0000    1.0000    0.2650   -0.0480


ans =

   72.0000    2.0000    0.2650   -0.0480


ans =

   72.0000    3.0000    0.2650   -0.0480


ans =

   72.0000    4.0000    0.2650   -0.0480


ans =

   73.0000    1.0000    0.3041   -0.0281


ans =

   73.0000    2.0000    0.3158   -0.0280


ans =

   73.0000    3.0000    0.3190   -0.0279


ans =

   74.0000    1.0000    0.2499   -0.0277


ans =

   74.0000    2.0000    0.2499   -0.0277


ans =

   74.0000    3.0000    0.2499   -0.0277


ans =

   75.0000    1.0000    0.2450    0.0542


ans =

   76.0000    1.0000    0.2931    0.0562


ans =

   77.0000    1.0000    0.3258   -0.0761


ans =

   77.0000    2.0000    0.3258   -0.0761


ans =

   77.0000    3.0000    0.3343   -0.0775


ans =

   78.0000    1.0000    0.3136    0.0588


ans =

   79.0000    1.0000    0.1764    0.0102


ans =

   79.0000    2.0000    0.1764    0.0102


ans =

   79.0000    3.0000    0.1764    0.0102


ans =

   79.0000    4.0000    0.1764    0.0102


ans =

   80.0000    1.0000    0.3244   -0.0669


ans =

   81.0000    1.0000    0.3141   -0.2035


ans =

   82.0000    1.0000    0.1523   -0.0736


ans =

   82.0000    2.0000    0.1698   -0.0892


ans =

   82.0000    3.0000    0.1770   -0.0970


ans =

   83.0000    1.0000    0.1336    0.0162


ans =

   84.0000    1.0000    0.1351   -0.0420


ans =

   84.0000    2.0000    0.1351   -0.0420


ans =

   84.0000    3.0000    0.1351   -0.0420


ans =

   84.0000    4.0000    0.1351   -0.0420


ans =

   84.0000    5.0000    0.1351   -0.0420


ans =

   85.0000    1.0000    0.2371   -0.1526


ans =

   85.0000    2.0000    0.2371   -0.1526


ans =

   85.0000    3.0000    0.2371   -0.1526


ans =

   86.0000    1.0000    0.0944    0.0782


ans =

   87.0000    1.0000    0.1014    0.0739


ans =

   87.0000    2.0000    0.1014    0.0739


ans =

   88.0000    1.0000    0.2322    0.0284


ans =

   88.0000    2.0000    0.2322    0.0284


ans =

   89.0000    1.0000    0.2342    0.0126


ans =

   90.0000    1.0000    0.1552    0.0842


ans =

   91.0000    1.0000    0.2459    0.0898


ans =

   91.0000    2.0000    0.2459    0.0898


ans =

   91.0000    3.0000    0.2459    0.0898


ans =

   91.0000    4.0000    0.2459    0.0898


ans =

   91.0000    5.0000    0.2459    0.0898


ans =

   91.0000    6.0000    0.2461    0.0869


ans =

   92.0000    1.0000    0.2519    0.0791


ans =

   92.0000    2.0000    0.2519    0.0791


ans =

   92.0000    3.0000    0.2519    0.0791


ans =

   92.0000    4.0000    0.2519    0.0791


ans =

   92.0000    5.0000    0.2519    0.0791


ans =

   93.0000    1.0000    0.2564   -0.1007


ans =

   94.0000    1.0000    0.2457    0.0353


ans =

   95.0000    1.0000    0.1557    0.0104


ans =

   95.0000    2.0000    0.1557    0.0104


ans =

   96.0000    1.0000    0.2527   -0.0282


ans =

   96.0000    2.0000    0.2527   -0.0282


ans =

   96.0000    3.0000    0.2527   -0.0282


ans =

   96.0000    4.0000    0.2527   -0.0282


ans =

   96.0000    5.0000    0.2527   -0.0282


ans =

   97.0000    1.0000    0.2511    0.0761


ans =

   98.0000    1.0000    0.2332    0.0767


ans =

   98.0000    2.0000    0.2332    0.0767


ans =

   98.0000    3.0000    0.2332    0.0767


ans =

   98.0000    4.0000    0.2332    0.0767


ans =

   99.0000    1.0000    0.2606    0.0931


ans =

   99.0000    2.0000    0.2606    0.0931


ans =

   99.0000    3.0000    0.2606    0.0931


ans =

   99.0000    4.0000    0.2606    0.0931


ans =

  100.0000    1.0000    0.2666   -0.1057


ans =

  101.0000    1.0000    0.2566   -0.1121


ans =

  101.0000    2.0000    0.2566   -0.1121


ans =

  101.0000    3.0000    0.2566   -0.1121


ans =

  101.0000    4.0000    0.2566   -0.1121


ans =

  101.0000    5.0000    0.2566   -0.1121


ans =

  102.0000    1.0000    0.1196    0.0674


ans =

  102.0000    2.0000    0.1641    0.0669


ans =

  102.0000    3.0000    0.1641    0.0669


ans =

  103.0000    1.0000    0.1504   -0.0347


ans =

  103.0000    2.0000    0.1504   -0.0347


ans =

  103.0000    3.0000    0.1504   -0.0347


ans =

  104.0000    1.0000    0.2399    0.1163


ans =

  105.0000    1.0000    0.1542    0.0486


ans =

  106.0000    1.0000    0.2490    0.0431


ans =

  106.0000    2.0000    0.2490    0.0431


ans =

  107.0000    1.0000    0.2516    0.0962


ans =

  107.0000    2.0000    0.2516    0.0962


ans =

  108.0000    1.0000    0.2573    0.0021


ans =

  108.0000    2.0000    0.2573    0.0021


ans =

  108.0000    3.0000    0.2573    0.0021


ans =

  108.0000    4.0000    0.2573    0.0021


ans =

  108.0000    5.0000    0.2573    0.0021


ans =

  108.0000    6.0000    0.2573    0.0021


ans =

  109.0000    1.0000    0.2532    0.0623


ans =

  109.0000    2.0000    0.2532    0.0623


ans =

  110.0000    1.0000    0.1994   -0.0138


ans =

  111.0000    1.0000    0.2620    0.0121


ans =

  111.0000    2.0000    0.2620    0.0121


ans =

  111.0000    3.0000    0.2620    0.0121


ans =

  112.0000    1.0000    0.2624   -0.0325


ans =

  112.0000    2.0000    0.2624   -0.0325


ans =

  112.0000    3.0000    0.2624   -0.0325


ans =

  112.0000    4.0000    0.2624   -0.0325


ans =

  113.0000    1.0000    0.2590   -0.0189


ans =

  113.0000    2.0000    0.2590   -0.0189


ans =

  113.0000    3.0000    0.2590   -0.0189


ans =

  113.0000    4.0000    0.2590   -0.0189


ans =

  114.0000    1.0000    0.2428   -0.0365


ans =

  114.0000    2.0000    0.2428   -0.0365


ans =

  115.0000    1.0000    0.2440   -0.0969


ans =

  116.0000    1.0000    0.1787   -0.0676


ans =

  116.0000    2.0000    0.1787   -0.0676


ans =

  116.0000    3.0000    0.1787   -0.0676


ans =

  116.0000    4.0000    0.1787   -0.0676


ans =

  117.0000    1.0000    0.1540    0.0994


ans =

  118.0000    1.0000    0.1617    0.0022


ans =

  119.0000    1.0000    0.2382    0.0122


ans =

  119.0000    2.0000    0.2382    0.0122


ans =

  119.0000    3.0000    0.2382    0.0122


ans =

  119.0000    4.0000    0.2382    0.0122


ans =

  120.0000    1.0000    0.2386    0.0613

>> >> NPEB AR returns were:
>>     0.3811   -0.0009
    0.3791    0.1047
    0.3538    0.0002
    0.4358   -0.0172
    0.3891   -0.0145
    0.2761   -0.0931
    0.3201    0.0182
    0.1838   -0.1096
    0.2728    0.0371
    0.2976    0.0696
    0.3031   -0.0389
    0.3182   -0.0128
    0.2243   -0.0272
    0.2181    0.0025
    0.2177    0.0854
    0.3176    0.1082
    0.3284    0.0368
    0.3325    0.0702
    0.3599    0.0588
    0.3475    0.0082
    0.3474    0.1114
    0.3772    0.0434
    0.3629    0.0368
    0.3864    0.0590
    0.3734    0.0056
    0.3728    0.0062
    0.3724   -0.0632
    0.3588    0.0075
    0.2503    0.0166
    0.3644   -0.0458
    0.3549   -0.0081
    0.2491    0.0155
    0.3194    0.0080
    0.3571    0.1041
    0.3661    0.0374
    0.3697   -0.0225
    0.3647    0.0358
    0.3363   -0.0114
    0.3639   -0.0684
    0.2584    0.0248
    0.2539    0.0108
    0.3609    0.0661
    0.3671   -0.0098
    0.3644    0.0041
    0.3156   -0.0274
    0.3777    0.0301
    0.2578    0.0092
    0.3601    0.0873
    0.3552   -0.0020
    0.3653    0.0553
    0.3319    0.0115
    0.3712   -0.0407
    0.3817    0.0068
    0.2695    0.0210
    0.3794    0.0190
    0.2726    0.0228
    0.3603    0.0529
    0.3650    0.0320
    0.3677    0.0208
    0.3691    0.0217
    0.3706   -0.0005
    0.3694    0.0068
    0.3925    0.0223
    0.3698    0.0287
    0.3966   -0.0204
    0.3687   -0.0815
    0.3219    0.0250
    0.2718    0.0346
    0.3243    0.0121
    0.3277   -0.0671
    0.3093   -0.0093
    0.2650   -0.0480
    0.3190   -0.0279
    0.2499   -0.0277
    0.2450    0.0542
    0.2931    0.0562
    0.3343   -0.0775
    0.3136    0.0588
    0.1764    0.0102
    0.3244   -0.0669
    0.3141   -0.2035
    0.1770   -0.0970
    0.1336    0.0162
    0.1351   -0.0420
    0.2371   -0.1526
    0.0944    0.0782
    0.1014    0.0739
    0.2322    0.0284
    0.2342    0.0126
    0.1552    0.0842
    0.2461    0.0869
    0.2519    0.0791
    0.2564   -0.1007
    0.2457    0.0353
    0.1557    0.0104
    0.2527   -0.0282
    0.2511    0.0761
    0.2332    0.0767
    0.2606    0.0931
    0.2666   -0.1057
    0.2566   -0.1121
    0.1641    0.0669
    0.1504   -0.0347
    0.2399    0.1163
    0.1542    0.0486
    0.2490    0.0431
    0.2516    0.0962
    0.2573    0.0021
    0.2532    0.0623
    0.1994   -0.0138
    0.2620    0.0121
    0.2624   -0.0325
    0.2590   -0.0189
    0.2428   -0.0365
    0.2440   -0.0969
    0.1787   -0.0676
    0.1540    0.0994
    0.1617    0.0022
    0.2382    0.0122
    0.2386    0.0613

>> >> >> >> >> 