Warning: No display specified.  You will not be able to display graphics on the screen.
Warning: No window system found.  Java option 'MWT' ignored

                            < M A T L A B (R) >
                  Copyright 1984-2012 The MathWorks, Inc.
                    R2012a (7.14.0.739) 64-bit (glnxa64)
                              February 9, 2012

 
To get started, type one of these: helpwin, helpdesk, or demo.
For product information, visit www.mathworks.com.
 
>> >> >> >> >> >> >> >> >> >> >> >> >> >> >> >> >> >> >> >> >> >> >> >> >> >> >> >> >> >> >> >> >> >> >> >> >> >> >> >> >> >> >> NPEB IID returns were:
>>   -0.028182641734177
   0.091224195288237
   0.015442459784830
  -0.034961221475060
  -0.050210740010042
  -0.164348511043176
   0.011865635778019
  -0.076836775232847
   0.018684206752436
   0.104040025176853
  -0.047889954241153
  -0.027648066471701
  -0.041449584319923
   0.003599270516081
   0.105258355498726
   0.121190705945406
   0.027311741953061
   0.060062296476063
   0.056141127528779
  -0.011964869441314
   0.094297946318416
   0.040482273822852
   0.032201257477745
   0.049716340322362
   0.009427451366354
   0.009195287433684
  -0.047337735875983
   0.008333519612679
   0.047097314630615
  -0.050062589037398
  -0.005640224146634
   0.053785712604008
   0.017588163310846
   0.093546535830859
   0.033410456608530
  -0.029761226053466
   0.031240433318927
  -0.024852371321421
  -0.063410326672268
   0.059091989307499
   0.048977334338120
   0.060403835674264
  -0.007060125319426
   0.014248819439332
  -0.038658297478754
   0.037844588246897
   0.002891013564421
   0.094543972249971
  -0.008122019489089
   0.044088620034382
   0.019890529201400
  -0.046315007574467
   0.005768588488803
  -0.022141493853768
   0.018011700905418
   0.008434374331598
   0.056695952358797
   0.030345730836099
   0.015982626560756
   0.016399948824831
  -0.001257012095391
   0.016472720116675
   0.016962966038332
   0.040620442401204
  -0.015409055157187
  -0.071105147327198
   0.005091650036670
   0.006843277413200
   0.013184776029909
  -0.073807659150354
  -0.002823915974960
  -0.051811913794616
  -0.038078313426020
  -0.007697091618076
   0.042728050715750
   0.043851648792440
  -0.084989369922571
   0.045095629347681
   0.042577270795725
  -0.068581474604263
  -0.224549074257926
  -0.141963569248579
   0.039857089431753
  -0.148733408669765
  -0.149830487122635
   0.110580602101645
   0.191749542262565
   0.040444038234428
   0.017354430693227
   0.109842004397231
   0.065054860817204
   0.070356210059058
  -0.091770668715213
   0.018836064140297
   0.085674236253613
  -0.026652175395011
   0.054320519807446
   0.088220354117744
   0.070821171129573
  -0.083369928804076
  -0.091213357333862
   0.069910352524981
  -0.080690403031587
   0.115023169187972
   0.028189842391380
   0.031682932096737
   0.099862191561142
   0.004562270937186
   0.062359875449313
   0.023746579740016
   0.015023427233719
  -0.027123899557410
  -0.019086648890550
  -0.048531564077872
  -0.099892771925843
  -0.114668997439821
   0.148888116405519
  -0.008579439718519
   0.014191923014227
   0.058243579083978

>> >> >> >> >> >> >> 